Arguments: 
  C:\Program Files\nodejs\node.exe C:\Program Files\nodejs\node_modules\yarn\bin\yarn.js

PATH: 
  C:\Program Files (x86)\Common Files\Oracle\Java\javapath;C:\Windows\system32;C:\Windows;C:\Windows\System32\Wbem;C:\Windows\System32\WindowsPowerShell\v1.0\;C:\Windows\System32\OpenSSH\;C:\Users\cadet\AppData\Roaming\nvm;C:\Program Files\nodejs;C:\Program Files\dotnet\;C:\Program Files\Microsoft SQL Server\130\Tools\Binn\;C:\Program Files\Microsoft SQL Server\Client SDK\ODBC\170\Tools\Binn\;C:\Program Files (x86)\Microsoft SQL Server\150\DTS\Binn\;C:\Program Files (x86)\Windows Kits\8.1\Windows Performance Toolkit\;C:\Program Files\Docker\Docker\resources\bin;C:\ProgramData\DockerDesktop\version-bin;C:\Program Files (x86)\Microsoft Emulator Manager\1.0\;C:\Program Files (x86)\Microsoft SQL Server\110\DTS\Binn\;C:\Program Files (x86)\Microsoft SQL Server\120\DTS\Binn\;C:\Program Files (x86)\Microsoft SQL Server\130\DTS\Binn\;C:\Program Files (x86)\Microsoft SQL Server\140\DTS\Binn\;C:\Program Files\Microsoft SQL Server\Client SDK\ODBC\130\Tools\Binn\;C:\Program Files\Git\cmd;C:\Program Files (x86)\Common Files\Oracle\Java\javapath;C:\Windows\system32;C:\Windows;C:\Windows\System32\Wbem;C:\Windows\System32\WindowsPowerShell\v1.0\;C:\Windows\System32\OpenSSH\;C:\Users\cadet\AppData\Roaming\nvm;C:\Program Files\nodejs;C:\Program Files\Git\cmd;C:\Program Files\dotnet\;C:\Program Files\Microsoft SQL Server\130\Tools\Binn\;C:\Program Files\Microsoft SQL Server\Client SDK\ODBC\170\Tools\Binn\;C:\Program Files (x86)\Microsoft SQL Server\150\DTS\Binn\;C:\Program Files (x86)\Windows Kits\8.1\Windows Performance Toolkit\;C:\Program Files\Docker\Docker\resources\bin;C:\ProgramData\DockerDesktop\version-bin;C:\Program Files (x86)\Microsoft Emulator Manager\1.0\;C:\Program Files (x86)\Microsoft SQL Server\110\DTS\Binn\;C:\Program Files (x86)\Microsoft SQL Server\120\DTS\Binn\;C:\Program Files (x86)\Microsoft SQL Server\130\DTS\Binn\;C:\Program Files (x86)\Microsoft SQL Server\140\DTS\Binn\;C:\Program Files\Microsoft SQL Server\Client SDK\ODBC\130\Tools\Binn\;C:\Python27\;C:\Users\cadet\AppData;c:\users\cadet\appdata\local\yarn\bin;C:\Users\cadet\AppData\Local\Programs\Microsoft VS Code\bin;C:\Users\cadet\Documents\chromewebdriver;

Yarn version: 
  1.22.4

Node version: 
  10.15.1

Platform: 
  win32 ia32

Trace: 
  SyntaxError: D:\repos\puntos\package.json: Unexpected token } in JSON at position 499
      at JSON.parse (<anonymous>)
      at C:\Users\cadet\AppData\Roaming\nvm\v10.15.1\node_modules\yarn\lib\cli.js:1625:59
      at Generator.next (<anonymous>)
      at step (C:\Users\cadet\AppData\Roaming\nvm\v10.15.1\node_modules\yarn\lib\cli.js:310:30)
      at C:\Users\cadet\AppData\Roaming\nvm\v10.15.1\node_modules\yarn\lib\cli.js:321:13

npm manifest: 
  {
    "name": "points",
    "version": "1.0.0",
    "main": "dist/main.js",
    "license": "MIT",
    "dependencies": {
      "@types/dotenv": "^8.2.0",
      "@types/koa": "^2.11.6",
      "@types/node": "^12.11.7",
      "@types/validator": "^13.1.3",
      "class-transformer": "^0.3.1",
      "class-validator": "^0.13.0",
      "cross-env": "^7.0.3",
      "dotenv": "^8.2.0",
      "koa": "^2.13.1",
      "pg": "^8.5.1",
      "routing-controllers": "^0.9.0-alpha.6",
      "typeorm": "^0.2.21",
      "typescript": "^3.7.3",
    },
    "scripts": {
      "build": "tsc",
      "start": "cross-env NODE_ENV=production node ./dist/main.js",
      "start:dev": "cross-env NODE_ENV=development node ./dist/main.js"
    }
  }

yarn manifest: 
  No manifest

Lockfile: 
  No lockfile
