[debug] [2021-01-08T05:39:17.628Z] ----------------------------------------------------------------------
[debug] [2021-01-08T05:39:17.630Z] Command:       C:\Program Files\nodejs\node.exe C:\Program Files\nodejs\node_modules\firebase-tools\lib\bin\firebase.js serve --only functions
[debug] [2021-01-08T05:39:17.630Z] CLI Version:   8.10.0
[debug] [2021-01-08T05:39:17.630Z] Platform:      win32
[debug] [2021-01-08T05:39:17.630Z] Node Version:  v10.15.3
[debug] [2021-01-08T05:39:17.631Z] Time:          Fri Jan 08 2021 02:39:17 GMT-0300 (GMT-03:00)
[debug] [2021-01-08T05:39:17.631Z] ----------------------------------------------------------------------
[debug] [2021-01-08T05:39:17.631Z] 
[debug] [2021-01-08T05:39:17.640Z] > command requires scopes: ["email","openid","https://www.googleapis.com/auth/cloudplatformprojects.readonly","https://www.googleapis.com/auth/firebase","https://www.googleapis.com/auth/cloud-platform"]
[debug] [2021-01-08T05:39:17.640Z] > authorizing via signed-in user
[debug] [2021-01-08T05:39:17.640Z] [iam] checking project tp-ttads-cecb8 for permissions ["firebase.projects.get"]
[debug] [2021-01-08T05:39:17.643Z] > refreshing access token with scopes: ["email","https://www.googleapis.com/auth/cloud-platform","https://www.googleapis.com/auth/cloudplatformprojects.readonly","https://www.googleapis.com/auth/firebase","openid"]
[debug] [2021-01-08T05:39:17.643Z] >>> HTTP REQUEST POST https://www.googleapis.com/oauth2/v3/token  
 <request body omitted>
[debug] [2021-01-08T05:39:17.816Z] <<< HTTP RESPONSE 200 {"expires":"Mon, 01 Jan 1990 00:00:00 GMT","date":"Fri, 08 Jan 2021 05:39:17 GMT","cache-control":"no-cache, no-store, max-age=0, must-revalidate","pragma":"no-cache","content-type":"application/json; charset=utf-8","vary":"X-Origin, Referer, Origin,Accept-Encoding","server":"scaffolding on HTTPServer2","x-xss-protection":"0","x-frame-options":"SAMEORIGIN","x-content-type-options":"nosniff","alt-svc":"h3-29=\":443\"; ma=2592000,h3-T051=\":443\"; ma=2592000,h3-Q050=\":443\"; ma=2592000,h3-Q046=\":443\"; ma=2592000,h3-Q043=\":443\"; ma=2592000,quic=\":443\"; ma=2592000; v=\"46,43\"","accept-ranges":"none","transfer-encoding":"chunked"}
[debug] [2021-01-08T05:39:17.824Z] >>> HTTP REQUEST POST https://cloudresourcemanager.googleapis.com/v1/projects/tp-ttads-cecb8:testIamPermissions  
 {"permissions":["firebase.projects.get"]}
[debug] [2021-01-08T05:39:18.948Z] <<< HTTP RESPONSE 200 {"content-type":"application/json; charset=UTF-8","vary":"X-Origin, Referer, Origin,Accept-Encoding","date":"Fri, 08 Jan 2021 05:39:18 GMT","server":"ESF","cache-control":"private","x-xss-protection":"0","x-frame-options":"SAMEORIGIN","x-content-type-options":"nosniff","server-timing":"gfet4t7; dur=989","alt-svc":"h3-29=\":443\"; ma=2592000,h3-T051=\":443\"; ma=2592000,h3-Q050=\":443\"; ma=2592000,h3-Q046=\":443\"; ma=2592000,h3-Q043=\":443\"; ma=2592000,quic=\":443\"; ma=2592000; v=\"46,43\"","accept-ranges":"none","transfer-encoding":"chunked"}
[debug] [2021-01-08T05:39:18.949Z] >>> HTTP REQUEST GET https://firebase.googleapis.com/v1beta1/projects/tp-ttads-cecb8  
 
[debug] [2021-01-08T05:39:19.939Z] <<< HTTP RESPONSE 200 {"content-type":"application/json; charset=UTF-8","vary":"X-Origin, Referer, Origin,Accept-Encoding","date":"Fri, 08 Jan 2021 05:39:19 GMT","server":"ESF","cache-control":"private","x-xss-protection":"0","x-frame-options":"SAMEORIGIN","x-content-type-options":"nosniff","alt-svc":"h3-29=\":443\"; ma=2592000,h3-T051=\":443\"; ma=2592000,h3-Q050=\":443\"; ma=2592000,h3-Q046=\":443\"; ma=2592000,h3-Q043=\":443\"; ma=2592000,quic=\":443\"; ma=2592000; v=\"46,43\"","accept-ranges":"none","transfer-encoding":"chunked"}
[info] +  functions: Using node@10 from host. {"metadata":{"emulator":{"name":"functions"},"message":"Using node@10 from host."}}
[debug] [2021-01-08T05:39:21.972Z] defaultcredentials: writing to file C:\Users\fan_a\AppData\Roaming\firebase\fanacdc2_gmail_com_application_default_credentials.json
[debug] [2021-01-08T05:39:21.973Z] Setting GAC to C:\Users\fan_a\AppData\Roaming\firebase\fanacdc2_gmail_com_application_default_credentials.json {"metadata":{"emulator":{"name":"functions"},"message":"Setting GAC to C:\\Users\\fan_a\\AppData\\Roaming\\firebase\\fanacdc2_gmail_com_application_default_credentials.json"}}
[info] i  functions: Watching "D:\Angular\tp-backend-2020\Backend\functions" for Cloud Functions... {"metadata":{"emulator":{"name":"functions"},"message":"Watching \"D:\\Angular\\tp-backend-2020\\Backend\\functions\" for Cloud Functions..."}}
[debug] [2021-01-08T05:39:21.993Z] [worker-pool] addWorker(~diagnostic~) {"metadata":{"emulator":{"name":"functions"},"message":"[worker-pool] addWorker(~diagnostic~)"}}
[debug] [2021-01-08T05:39:21.993Z] [worker-pool] Adding worker with key ~diagnostic~, total=1 {"metadata":{"emulator":{"name":"functions"},"message":"[worker-pool] Adding worker with key ~diagnostic~, total=1"}}
[debug] [2021-01-08T05:39:21.993Z] [worker-pool] submitWork(triggerId=) {"metadata":{"emulator":{"name":"functions"},"message":"[worker-pool] submitWork(triggerId=)"}}
[debug] [2021-01-08T05:39:21.993Z] [worker-~diagnostic~-079bd8e3-87c0-4b91-a267-6df15961c029]: Assigning socketPath: \\?\pipe\D:\Angular\tp-backend-2020\Backend\functions\18880 {"metadata":{"emulator":{"name":"functions"},"message":"[worker-~diagnostic~-079bd8e3-87c0-4b91-a267-6df15961c029]: Assigning socketPath: \\\\?\\pipe\\D:\\Angular\\tp-backend-2020\\Backend\\functions\\18880"}}
[debug] [2021-01-08T05:39:21.993Z] [worker-~diagnostic~-079bd8e3-87c0-4b91-a267-6df15961c029]: BUSY {"metadata":{"emulator":{"name":"functions"},"message":"[worker-~diagnostic~-079bd8e3-87c0-4b91-a267-6df15961c029]: BUSY"}}
